<?xml version="1.0" encoding="UTF-8"?>
<!-- Generated by org.testng.reporters.JUnitReportReporter -->
<testsuite hostname="DESKTOP-4M7LBUT" failures="0" tests="1" name="calculator.StringCalculatorShould" time="0.007" errors="0" timestamp="2021-10-17T19:01:15 IST" skipped="0">
  <testcase classname="calculator.StringCalculatorShould" name="empty_string_should_return_0" time="0.007"/>
  <system-out/>
</testsuite> <!-- calculator.StringCalculatorShould -->
